<?xml version="1.0" encoding="UTF-8"?>
<testng-results ignored="0" total="6" passed="6" failed="0" skipped="0">
  <reporter-output>
  </reporter-output>
  <suite started-at="2024-04-02T18:21:21 IST" name="Default suite" finished-at="2024-04-02T18:21:51 IST" duration-ms="29398">
    <groups>
    </groups>
    <test started-at="2024-04-02T18:21:21 IST" name="Default test" finished-at="2024-04-02T18:21:51 IST" duration-ms="29398">
      <class name="Testcases.Login_01">
        <test-method is-config="true" signature="setup()[pri:0, instance:Testcases.Login_01@815b41f]" started-at="2024-04-02T18:21:21 IST" name="setup" finished-at="2024-04-02T18:21:24 IST" duration-ms="2526" status="PASS">
          <reporter-output>
          </reporter-output>
        </test-method> <!-- setup -->
        <test-method signature="TC_Downloadreport_throughgmail()[pri:1, instance:Testcases.Login_01@815b41f]" started-at="2024-04-02T18:21:24 IST" name="TC_Downloadreport_throughgmail" finished-at="2024-04-02T18:21:27 IST" duration-ms="3426" status="PASS">
          <reporter-output>
          </reporter-output>
        </test-method> <!-- TC_Downloadreport_throughgmail -->
        <test-method is-config="true" signature="closeser()[pri:0, instance:Testcases.Login_01@815b41f]" started-at="2024-04-02T18:21:27 IST" name="closeser" finished-at="2024-04-02T18:21:28 IST" duration-ms="799" status="PASS">
          <reporter-output>
          </reporter-output>
        </test-method> <!-- closeser -->
        <test-method is-config="true" signature="setup()[pri:0, instance:Testcases.Login_01@815b41f]" started-at="2024-04-02T18:21:28 IST" name="setup" finished-at="2024-04-02T18:21:30 IST" duration-ms="2178" status="PASS">
          <reporter-output>
          </reporter-output>
        </test-method> <!-- setup -->
        <test-method signature="login2()[pri:2, instance:Testcases.Login_01@815b41f]" started-at="2024-04-02T18:21:30 IST" name="login2" finished-at="2024-04-02T18:21:31 IST" duration-ms="229" status="PASS">
          <reporter-output>
          </reporter-output>
        </test-method> <!-- login2 -->
        <test-method is-config="true" signature="closeser()[pri:0, instance:Testcases.Login_01@815b41f]" started-at="2024-04-02T18:21:31 IST" name="closeser" finished-at="2024-04-02T18:21:31 IST" duration-ms="240" status="PASS">
          <reporter-output>
          </reporter-output>
        </test-method> <!-- closeser -->
        <test-method is-config="true" signature="setup()[pri:0, instance:Testcases.Login_01@815b41f]" started-at="2024-04-02T18:21:31 IST" name="setup" finished-at="2024-04-02T18:21:33 IST" duration-ms="1718" status="PASS">
          <reporter-output>
          </reporter-output>
        </test-method> <!-- setup -->
        <test-method signature="TC_Getstarted()[pri:3, instance:Testcases.Login_01@815b41f]" started-at="2024-04-02T18:21:33 IST" name="TC_Getstarted" finished-at="2024-04-02T18:21:34 IST" duration-ms="1763" status="PASS">
          <reporter-output>
          </reporter-output>
        </test-method> <!-- TC_Getstarted -->
        <test-method is-config="true" signature="closeser()[pri:0, instance:Testcases.Login_01@815b41f]" started-at="2024-04-02T18:21:34 IST" name="closeser" finished-at="2024-04-02T18:21:35 IST" duration-ms="159" status="PASS">
          <reporter-output>
          </reporter-output>
        </test-method> <!-- closeser -->
        <test-method is-config="true" signature="setup()[pri:0, instance:Testcases.Login_01@815b41f]" started-at="2024-04-02T18:21:35 IST" name="setup" finished-at="2024-04-02T18:21:36 IST" duration-ms="1623" status="PASS">
          <reporter-output>
          </reporter-output>
        </test-method> <!-- setup -->
        <test-method signature="Resources()[pri:4, instance:Testcases.Login_01@815b41f]" started-at="2024-04-02T18:21:36 IST" name="Resources" finished-at="2024-04-02T18:21:37 IST" duration-ms="415" status="PASS">
          <reporter-output>
          </reporter-output>
        </test-method> <!-- Resources -->
        <test-method is-config="true" signature="closeser()[pri:0, instance:Testcases.Login_01@815b41f]" started-at="2024-04-02T18:21:37 IST" name="closeser" finished-at="2024-04-02T18:21:37 IST" duration-ms="192" status="PASS">
          <reporter-output>
          </reporter-output>
        </test-method> <!-- closeser -->
        <test-method is-config="true" signature="setup()[pri:0, instance:Testcases.Login_01@815b41f]" started-at="2024-04-02T18:21:37 IST" name="setup" finished-at="2024-04-02T18:21:38 IST" duration-ms="1637" status="PASS">
          <reporter-output>
          </reporter-output>
        </test-method> <!-- setup -->
        <test-method signature="Download_Reort()[pri:5, instance:Testcases.Login_01@815b41f]" started-at="2024-04-02T18:21:38 IST" name="Download_Reort" finished-at="2024-04-02T18:21:45 IST" duration-ms="6464" status="PASS">
          <reporter-output>
          </reporter-output>
        </test-method> <!-- Download_Reort -->
        <test-method is-config="true" signature="closeser()[pri:0, instance:Testcases.Login_01@815b41f]" started-at="2024-04-02T18:21:45 IST" name="closeser" finished-at="2024-04-02T18:21:45 IST" duration-ms="235" status="PASS">
          <reporter-output>
          </reporter-output>
        </test-method> <!-- closeser -->
        <test-method is-config="true" signature="setup()[pri:0, instance:Testcases.Login_01@815b41f]" started-at="2024-04-02T18:21:45 IST" name="setup" finished-at="2024-04-02T18:21:47 IST" duration-ms="1624" status="PASS">
          <reporter-output>
          </reporter-output>
        </test-method> <!-- setup -->
        <test-method signature="Download_Report_Validationmsg()[pri:6, instance:Testcases.Login_01@815b41f]" started-at="2024-04-02T18:21:47 IST" name="Download_Report_Validationmsg" finished-at="2024-04-02T18:21:51 IST" duration-ms="3874" status="PASS">
          <reporter-output>
          </reporter-output>
        </test-method> <!-- Download_Report_Validationmsg -->
        <test-method is-config="true" signature="closeser()[pri:0, instance:Testcases.Login_01@815b41f]" started-at="2024-04-02T18:21:51 IST" name="closeser" finished-at="2024-04-02T18:21:51 IST" duration-ms="177" status="PASS">
          <reporter-output>
          </reporter-output>
        </test-method> <!-- closeser -->
      </class> <!-- Testcases.Login_01 -->
    </test> <!-- Default test -->
  </suite> <!-- Default suite -->
</testng-results>
