<?xml version="1.0" encoding="UTF-8"?>
<testng-results ignored="0" total="1" passed="0" failed="1" skipped="0">
  <reporter-output>
  </reporter-output>
  <suite started-at="2023-07-19T11:50:02 IST" name="Default suite" finished-at="2023-07-19T11:50:38 IST" duration-ms="36175">
    <groups>
    </groups>
    <test started-at="2023-07-19T11:50:02 IST" name="Default test" finished-at="2023-07-19T11:50:38 IST" duration-ms="36175">
      <class name="Selenium.seb.Test02">
        <test-method is-config="true" signature="setup()[pri:0, instance:Selenium.seb.Test02@235ecd9f]" started-at="2023-07-19T11:50:02 IST" name="setup" finished-at="2023-07-19T11:50:13 IST" duration-ms="11674" status="PASS">
          <reporter-output>
          </reporter-output>
        </test-method> <!-- setup -->
        <test-method signature="loginmodule()[pri:0, instance:Selenium.seb.Test02@235ecd9f]" started-at="2023-07-19T11:50:13 IST" name="loginmodule" finished-at="2023-07-19T11:50:37 IST" duration-ms="23824" status="FAIL">
          <exception class="org.openqa.selenium.NoSuchElementException">
            <message>
              <![CDATA[An element could not be located on the page using the given search parameters.
For documentation on this error, please visit: https://www.selenium.dev/documentation/webdriver/troubleshooting/errors#no-such-element-exception
Build info: version: '4.10.0', revision: 'c14d967899'
System info: os.name: 'Windows 10', os.arch: 'amd64', os.version: '10.0', java.version: '17.0.7'
Driver info: io.appium.java_client.android.AndroidDriver
Command: [8c067368-ef8d-4b11-92c2-d85530472a6c, findElement {using=xpath, value=/hierarchy/android.widget.FrameLayout/android.widget.LinearLayout/android.widget.FrameLayout/android.widget.LinearLayout/android.widget.FrameLayout/android.widget.LinearLayout/android.view.ViewGroup/android.widget.LinearLayout[1]/android.widget.LinearLayout/android.widget.TextView[2]
}]
Capabilities {appium:appActivity: com.osos.spaarksapp.MainAct..., appium:appPackage: com.osos.spaarksapp, appium:automationName: UiAutomator2, appium:databaseEnabled: false, appium:desired: {appActivity: com.osos.spaarksapp.MainAct..., appPackage: com.osos.spaarksapp, automationName: UiAutomator2, deviceName: 962959539700161, noReset: true, platformName: ANDROID}, appium:deviceApiLevel: 33, appium:deviceManufacturer: vivo, appium:deviceModel: V2036, appium:deviceName: 962959539700161, appium:deviceScreenDensity: 440, appium:deviceScreenSize: 1080x2408, appium:deviceUDID: 962959539700161, appium:javascriptEnabled: true, appium:locationContextEnabled: false, appium:networkConnectionEnabled: true, appium:noReset: true, appium:pixelRatio: 2.75, appium:platformVersion: 13, appium:statBarHeight: 88, appium:takesScreenshot: true, appium:viewportRect: {height: 2137, left: 0, top: 88, width: 1080}, appium:warnings: {}, appium:webStorageEnabled: false, platformName: ANDROID}
Session ID: 8c067368-ef8d-4b11-92c2-d85530472a6c]]>
            </message>
            <full-stacktrace>
              <![CDATA[org.openqa.selenium.NoSuchElementException: An element could not be located on the page using the given search parameters.
For documentation on this error, please visit: https://www.selenium.dev/documentation/webdriver/troubleshooting/errors#no-such-element-exception
Build info: version: '4.10.0', revision: 'c14d967899'
System info: os.name: 'Windows 10', os.arch: 'amd64', os.version: '10.0', java.version: '17.0.7'
Driver info: io.appium.java_client.android.AndroidDriver
Command: [8c067368-ef8d-4b11-92c2-d85530472a6c, findElement {using=xpath, value=/hierarchy/android.widget.FrameLayout/android.widget.LinearLayout/android.widget.FrameLayout/android.widget.LinearLayout/android.widget.FrameLayout/android.widget.LinearLayout/android.view.ViewGroup/android.widget.LinearLayout[1]/android.widget.LinearLayout/android.widget.TextView[2]
}]
Capabilities {appium:appActivity: com.osos.spaarksapp.MainAct..., appium:appPackage: com.osos.spaarksapp, appium:automationName: UiAutomator2, appium:databaseEnabled: false, appium:desired: {appActivity: com.osos.spaarksapp.MainAct..., appPackage: com.osos.spaarksapp, automationName: UiAutomator2, deviceName: 962959539700161, noReset: true, platformName: ANDROID}, appium:deviceApiLevel: 33, appium:deviceManufacturer: vivo, appium:deviceModel: V2036, appium:deviceName: 962959539700161, appium:deviceScreenDensity: 440, appium:deviceScreenSize: 1080x2408, appium:deviceUDID: 962959539700161, appium:javascriptEnabled: true, appium:locationContextEnabled: false, appium:networkConnectionEnabled: true, appium:noReset: true, appium:pixelRatio: 2.75, appium:platformVersion: 13, appium:statBarHeight: 88, appium:takesScreenshot: true, appium:viewportRect: {height: 2137, left: 0, top: 88, width: 1080}, appium:warnings: {}, appium:webStorageEnabled: false, platformName: ANDROID}
Session ID: 8c067368-ef8d-4b11-92c2-d85530472a6c
at java.base/jdk.internal.reflect.NativeConstructorAccessorImpl.newInstance0(Native Method)
at java.base/jdk.internal.reflect.NativeConstructorAccessorImpl.newInstance(NativeConstructorAccessorImpl.java:77)
at java.base/jdk.internal.reflect.DelegatingConstructorAccessorImpl.newInstance(DelegatingConstructorAccessorImpl.java:45)
at java.base/java.lang.reflect.Constructor.newInstanceWithCaller(Constructor.java:499)
at java.base/java.lang.reflect.Constructor.newInstance(Constructor.java:480)
at org.openqa.selenium.remote.codec.w3c.W3CHttpResponseCodec.createException(W3CHttpResponseCodec.java:199)
at org.openqa.selenium.remote.codec.w3c.W3CHttpResponseCodec.decode(W3CHttpResponseCodec.java:132)
at org.openqa.selenium.remote.codec.w3c.W3CHttpResponseCodec.decode(W3CHttpResponseCodec.java:51)
at org.openqa.selenium.remote.HttpCommandExecutor.execute(HttpCommandExecutor.java:191)
at io.appium.java_client.remote.AppiumCommandExecutor.execute(AppiumCommandExecutor.java:250)
at org.openqa.selenium.remote.RemoteWebDriver.execute(RemoteWebDriver.java:531)
at org.openqa.selenium.remote.ElementLocation$ElementFinder$2.findElement(ElementLocation.java:165)
at org.openqa.selenium.remote.ElementLocation.findElement(ElementLocation.java:59)
at org.openqa.selenium.remote.RemoteWebDriver.findElement(RemoteWebDriver.java:350)
at org.openqa.selenium.remote.RemoteWebDriver.findElement(RemoteWebDriver.java:344)
at Selenium.seb.Test02.loginmodule(Test02.java:80)
at java.base/jdk.internal.reflect.NativeMethodAccessorImpl.invoke0(Native Method)
at java.base/jdk.internal.reflect.NativeMethodAccessorImpl.invoke(NativeMethodAccessorImpl.java:77)
at java.base/jdk.internal.reflect.DelegatingMethodAccessorImpl.invoke(DelegatingMethodAccessorImpl.java:43)
at java.base/java.lang.reflect.Method.invoke(Method.java:568)
at org.testng.internal.invokers.MethodInvocationHelper.invokeMethod(MethodInvocationHelper.java:136)
at org.testng.internal.invokers.TestInvoker.invokeMethod(TestInvoker.java:658)
at org.testng.internal.invokers.TestInvoker.invokeTestMethod(TestInvoker.java:219)
at org.testng.internal.invokers.MethodRunner.runInSequence(MethodRunner.java:50)
at org.testng.internal.invokers.TestInvoker$MethodInvocationAgent.invoke(TestInvoker.java:923)
at org.testng.internal.invokers.TestInvoker.invokeTestMethods(TestInvoker.java:192)
at org.testng.internal.invokers.TestMethodWorker.invokeTestMethods(TestMethodWorker.java:146)
at org.testng.internal.invokers.TestMethodWorker.run(TestMethodWorker.java:128)
at java.base/java.util.ArrayList.forEach(ArrayList.java:1511)
at org.testng.TestRunner.privateRun(TestRunner.java:808)
at org.testng.TestRunner.run(TestRunner.java:603)
at org.testng.SuiteRunner.runTest(SuiteRunner.java:429)
at org.testng.SuiteRunner.runSequentially(SuiteRunner.java:423)
at org.testng.SuiteRunner.privateRun(SuiteRunner.java:383)
at org.testng.SuiteRunner.run(SuiteRunner.java:326)
at org.testng.SuiteRunnerWorker.runSuite(SuiteRunnerWorker.java:52)
at org.testng.SuiteRunnerWorker.run(SuiteRunnerWorker.java:95)
at org.testng.TestNG.runSuitesSequentially(TestNG.java:1249)
at org.testng.TestNG.runSuitesLocally(TestNG.java:1169)
at org.testng.TestNG.runSuites(TestNG.java:1092)
at org.testng.TestNG.run(TestNG.java:1060)
at org.testng.remote.AbstractRemoteTestNG.run(AbstractRemoteTestNG.java:115)
at org.testng.remote.RemoteTestNG.initAndRun(RemoteTestNG.java:251)
at org.testng.remote.RemoteTestNG.main(RemoteTestNG.java:77)
]]>
            </full-stacktrace>
          </exception> <!-- org.openqa.selenium.NoSuchElementException -->
          <reporter-output>
          </reporter-output>
        </test-method> <!-- loginmodule -->
        <test-method is-config="true" signature="close()[pri:0, instance:Selenium.seb.Test02@235ecd9f]" started-at="2023-07-19T11:50:37 IST" name="close" finished-at="2023-07-19T11:50:38 IST" duration-ms="617" status="PASS">
          <reporter-output>
          </reporter-output>
        </test-method> <!-- close -->
      </class> <!-- Selenium.seb.Test02 -->
    </test> <!-- Default test -->
  </suite> <!-- Default suite -->
</testng-results>
