<?xml version="1.0" encoding="UTF-8"?>
<!-- Generated by org.testng.reporters.JUnitXMLReporter -->
<testsuite ignored="0" hostname="DESKTOP-58HEPQB" failures="0" tests="6" name="Default test" time="29.398" errors="0" timestamp="2024-04-02T18:21:51 IST">
  <testcase classname="Testcases.Login_01" name="TC_Downloadreport_throughgmail" time="3.426"/>
  <testcase classname="Testcases.Login_01" name="login2" time="0.229"/>
  <testcase classname="Testcases.Login_01" name="TC_Getstarted" time="1.763"/>
  <testcase classname="Testcases.Login_01" name="Resources" time="0.415"/>
  <testcase classname="Testcases.Login_01" name="Download_Reort" time="6.464"/>
  <testcase classname="Testcases.Login_01" name="Download_Report_Validationmsg" time="3.874"/>
</testsuite> <!-- Default test -->
